Determining if the Q_WS_WIN exist failed with the following output:
Change Dir: /home/alecca/tomahawk-apps/build/CMakeFiles/CMakeTmp

Run Build Command:/usr/bin/make "cmTryCompileExec2122277880/fast"
/usr/bin/make -f CMakeFiles/cmTryCompileExec2122277880.dir/build.make CMakeFiles/cmTryCompileExec2122277880.dir/build
make[1]: Entering directory `/home/alecca/tomahawk-apps/build/CMakeFiles/CMakeTmp'
/usr/bin/cmake -E cmake_progress_report /home/alecca/tomahawk-apps/build/CMakeFiles/CMakeTmp/CMakeFiles 1
Building CXX object CMakeFiles/cmTryCompileExec2122277880.dir/CheckSymbolExists.cxx.o
/usr/bin/c++    -I/usr/include/qt4    -o CMakeFiles/cmTryCompileExec2122277880.dir/CheckSymbolExists.cxx.o -c /home/alecca/tomahawk-apps/build/CMakeFiles/CMakeTmp/CheckSymbolExists.cxx
/home/alecca/tomahawk-apps/build/CMakeFiles/CMakeTmp/CheckSymbolExists.cxx: In function ‘int main(int, char**)’:
/home/alecca/tomahawk-apps/build/CMakeFiles/CMakeTmp/CheckSymbolExists.cxx:8:19: error: ‘Q_WS_WIN’ was not declared in this scope
make[1]: *** [CMakeFiles/cmTryCompileExec2122277880.dir/CheckSymbolExists.cxx.o] Error 1
make[1]: Leaving directory `/home/alecca/tomahawk-apps/build/CMakeFiles/CMakeTmp'
make: *** [cmTryCompileExec2122277880/fast] Error 2

File /home/alecca/tomahawk-apps/build/CMakeFiles/CMakeTmp/CheckSymbolExists.cxx:
/* */
#include <QtCore/qglobal.h>

int main(int argc, char** argv)
{
  (void)argv;
#ifndef Q_WS_WIN
  return ((int*)(&Q_WS_WIN))[argc];
#else
  (void)argc;
  return 0;
#endif
}

Determining if the Q_WS_QWS exist failed with the following output:
Change Dir: /home/alecca/tomahawk-apps/build/CMakeFiles/CMakeTmp

Run Build Command:/usr/bin/make "cmTryCompileExec3282748045/fast"
/usr/bin/make -f CMakeFiles/cmTryCompileExec3282748045.dir/build.make CMakeFiles/cmTryCompileExec3282748045.dir/build
make[1]: Entering directory `/home/alecca/tomahawk-apps/build/CMakeFiles/CMakeTmp'
/usr/bin/cmake -E cmake_progress_report /home/alecca/tomahawk-apps/build/CMakeFiles/CMakeTmp/CMakeFiles 1
Building CXX object CMakeFiles/cmTryCompileExec3282748045.dir/CheckSymbolExists.cxx.o
/usr/bin/c++    -I/usr/include/qt4    -o CMakeFiles/cmTryCompileExec3282748045.dir/CheckSymbolExists.cxx.o -c /home/alecca/tomahawk-apps/build/CMakeFiles/CMakeTmp/CheckSymbolExists.cxx
/home/alecca/tomahawk-apps/build/CMakeFiles/CMakeTmp/CheckSymbolExists.cxx: In function ‘int main(int, char**)’:
/home/alecca/tomahawk-apps/build/CMakeFiles/CMakeTmp/CheckSymbolExists.cxx:8:19: error: ‘Q_WS_QWS’ was not declared in this scope
make[1]: *** [CMakeFiles/cmTryCompileExec3282748045.dir/CheckSymbolExists.cxx.o] Error 1
make[1]: Leaving directory `/home/alecca/tomahawk-apps/build/CMakeFiles/CMakeTmp'
make: *** [cmTryCompileExec3282748045/fast] Error 2

File /home/alecca/tomahawk-apps/build/CMakeFiles/CMakeTmp/CheckSymbolExists.cxx:
/* */
#include <QtCore/qglobal.h>

int main(int argc, char** argv)
{
  (void)argv;
#ifndef Q_WS_QWS
  return ((int*)(&Q_WS_QWS))[argc];
#else
  (void)argc;
  return 0;
#endif
}

Determining if the Q_WS_MAC exist failed with the following output:
Change Dir: /home/alecca/tomahawk-apps/build/CMakeFiles/CMakeTmp

Run Build Command:/usr/bin/make "cmTryCompileExec691272191/fast"
/usr/bin/make -f CMakeFiles/cmTryCompileExec691272191.dir/build.make CMakeFiles/cmTryCompileExec691272191.dir/build
make[1]: Entering directory `/home/alecca/tomahawk-apps/build/CMakeFiles/CMakeTmp'
/usr/bin/cmake -E cmake_progress_report /home/alecca/tomahawk-apps/build/CMakeFiles/CMakeTmp/CMakeFiles 1
Building CXX object CMakeFiles/cmTryCompileExec691272191.dir/CheckSymbolExists.cxx.o
/usr/bin/c++    -I/usr/include/qt4    -o CMakeFiles/cmTryCompileExec691272191.dir/CheckSymbolExists.cxx.o -c /home/alecca/tomahawk-apps/build/CMakeFiles/CMakeTmp/CheckSymbolExists.cxx
/home/alecca/tomahawk-apps/build/CMakeFiles/CMakeTmp/CheckSymbolExists.cxx: In function ‘int main(int, char**)’:
/home/alecca/tomahawk-apps/build/CMakeFiles/CMakeTmp/CheckSymbolExists.cxx:8:19: error: ‘Q_WS_MAC’ was not declared in this scope
make[1]: *** [CMakeFiles/cmTryCompileExec691272191.dir/CheckSymbolExists.cxx.o] Error 1
make[1]: Leaving directory `/home/alecca/tomahawk-apps/build/CMakeFiles/CMakeTmp'
make: *** [cmTryCompileExec691272191/fast] Error 2

File /home/alecca/tomahawk-apps/build/CMakeFiles/CMakeTmp/CheckSymbolExists.cxx:
/* */
#include <QtCore/qglobal.h>

int main(int argc, char** argv)
{
  (void)argv;
#ifndef Q_WS_MAC
  return ((int*)(&Q_WS_MAC))[argc];
#else
  (void)argc;
  return 0;
#endif
}

